-------------------------------------------------------------------------------
Test set: TestSuite
-------------------------------------------------------------------------------
Tests run: 5, Failures: 2, Errors: 0, Skipped: 1, Time elapsed: 149.325 s <<< FAILURE! - in TestSuite
setUp(TestCases.MacPurchaseTesting_ParemetrisingFromExcelFile)  Time elapsed: 1.48 s  <<< FAILURE!
java.io.FileNotFoundException: C:\Users\itszakaria\workspace\appleWebAppDefault\src\test\resources\parameterizingFromExternalSource.xlsx (The system cannot find the path specified)
	at TestCases.MacPurchaseTesting_ParemetrisingFromExcelFile.setUp(MacPurchaseTesting_ParemetrisingFromExcelFile.java:52)

tearDown(TestCases.MacPurchaseTesting_ParemetrisingFromExcelFile)  Time elapsed: 1.6 s  <<< FAILURE!
java.lang.NullPointerException
	at TestCases.MacPurchaseTesting_ParemetrisingFromExcelFile.tearDown(MacPurchaseTesting_ParemetrisingFromExcelFile.java:166)

