<?xml version="1.0" encoding="UTF-8"?>
<!-- Generated by org.testng.reporters.JUnitXMLReporter -->
<testsuite hostname="Zakaria-HP" ignored="0" name="Unit Testing 01" tests="2" failures="0" timestamp="26 Jan 2018 15:41:10 GMT" time="20.895" errors="0">
  <testcase name="@BeforeClass setUp" time="20.826" classname="Utilities.TestBase">
    <failure type="org.openqa.selenium.WebDriverException" message="Timed out waiting for driver server to start.
Build info: version: &amp;apos;3.7.1&amp;apos;, revision: &amp;apos;8a0099a&amp;apos;, time: &amp;apos;2017-11-06T21:01:39.354Z&amp;apos;
System info: host: &amp;apos;ZAKARIA-HP&amp;apos;, ip: &amp;apos;192.168.56.1&amp;apos;, os.name: &amp;apos;Windows 10&amp;apos;, os.arch: &amp;apos;amd64&amp;apos;, os.version: &amp;apos;10.0&amp;apos;, java.version: &amp;apos;1.8.0_144&amp;apos;
Driver info: driver.version: SelectDriver">
      <![CDATA[org.openqa.selenium.WebDriverException: Timed out waiting for driver server to start.Build info: version: '3.7.1', revision: '8a0099a', time: '2017-11-06T21:01:39.354Z'System info: host: 'ZAKARIA-HP', ip: '192.168.56.1', os.name: 'Windows 10', os.arch: 'amd64', os.version: '10.0', java.version: '1.8.0_144'Driver info: driver.version: SelectDriverat org.openqa.selenium.remote.service.DriverService.waitUntilAvailable(DriverService.java:192)at org.openqa.selenium.remote.service.DriverService.start(DriverService.java:178)at org.openqa.selenium.remote.service.DriverCommandExecutor.execute(DriverCommandExecutor.java:79)at org.openqa.selenium.remote.RemoteWebDriver.execute(RemoteWebDriver.java:600)at org.openqa.selenium.remote.RemoteWebDriver.startSession(RemoteWebDriver.java:219)at org.openqa.selenium.remote.RemoteWebDriver.<init>(RemoteWebDriver.java:142)at org.openqa.selenium.edge.EdgeDriver.<init>(EdgeDriver.java:141)at org.openqa.selenium.edge.EdgeDriver.<init>(EdgeDriver.java:96)at Utilities.SelectDriver.invokeBrowser(SelectDriver.java:62)at Utilities.TestBase.setUp(TestBase.java:53)Caused by: org.openqa.selenium.net.UrlChecker$TimeoutException: Timed out waiting for [http://localhost:31398/status] to be available after 20002 msat org.openqa.selenium.net.UrlChecker.waitUntilAvailable(UrlChecker.java:100)at org.openqa.selenium.remote.service.DriverService.waitUntilAvailable(DriverService.java:187)... 35 moreCaused by: java.util.concurrent.TimeoutExceptionat java.util.concurrent.FutureTask.get(Unknown Source)at com.google.common.util.concurrent.SimpleTimeLimiter.callWithTimeout(SimpleTimeLimiter.java:147)at org.openqa.selenium.net.UrlChecker.waitUntilAvailable(UrlChecker.java:75)... 36 more... Removed 26 stack frames]]>
    </failure>
  </testcase> <!-- @BeforeClass setUp -->
  <testcase name="@AfterClass tearDown" time="0.002" classname="Utilities.TestBase">
    <failure type="java.lang.NullPointerException">
      <![CDATA[java.lang.NullPointerExceptionat Utilities.TestBase.tearDown(TestBase.java:97)... Removed 26 stack frames]]>
    </failure>
  </testcase> <!-- @AfterClass tearDown -->
  <testcase name="pageAuthentication" time="0.0" classname="TestCases.IPhonePageTesting">
    <skipped/>
  </testcase> <!-- pageAuthentication -->
  <testcase name="someOtherFunctions" time="0.0" classname="TestCases.IPhonePageTesting">
    <skipped/>
  </testcase> <!-- someOtherFunctions -->
</testsuite> <!-- Unit Testing 01 -->
