<?xml version="1.0" encoding="UTF-8"?>
<testng-results skipped="0" failed="0" ignored="0" total="2" passed="2">
  <reporter-output>
  </reporter-output>
  <suite name="Default suite" duration-ms="51535" started-at="2018-02-03T15:18:20Z" finished-at="2018-02-03T15:19:11Z">
    <groups>
    </groups>
    <test name="Default test" duration-ms="51535" started-at="2018-02-03T15:18:20Z" finished-at="2018-02-03T15:19:11Z">
      <class name="TestCases.IPhonePageTesting">
        <test-method status="PASS" signature="setUp()[pri:0, instance:TestCases.IPhonePageTesting@589838eb]" name="setUp" is-config="true" duration-ms="2674" started-at="2018-02-03T10:18:20Z" finished-at="2018-02-03T10:18:22Z">
          <reporter-output>
          </reporter-output>
        </test-method> <!-- setUp -->
        <test-method status="PASS" signature="pageAuthentication()[pri:0, instance:TestCases.IPhonePageTesting@589838eb]" name="pageAuthentication" duration-ms="34507" started-at="2018-02-03T10:18:22Z" finished-at="2018-02-03T10:18:57Z">
          <reporter-output>
          </reporter-output>
        </test-method> <!-- pageAuthentication -->
        <test-method status="PASS" signature="tearDown(org.testng.ITestResult)[pri:0, instance:TestCases.IPhonePageTesting@589838eb]" name="tearDown" is-config="true" duration-ms="17" started-at="2018-02-03T10:18:57Z" finished-at="2018-02-03T10:18:57Z">
          <params>
            <param index="0">
              <value>
                <![CDATA[[TestResult name=pageAuthentication status=SUCCESS method=IPhonePageTesting.pageAuthentication()[pri:0, instance:TestCases.IPhonePageTesting@589838eb] output={null}]]]>
              </value>
            </param>
          </params>
          <reporter-output>
          </reporter-output>
        </test-method> <!-- tearDown -->
        <test-method status="PASS" signature="someOtherFunctions()[pri:0, instance:TestCases.IPhonePageTesting@589838eb]" name="someOtherFunctions" duration-ms="13867" started-at="2018-02-03T10:18:57Z" finished-at="2018-02-03T10:19:11Z">
          <reporter-output>
          </reporter-output>
        </test-method> <!-- someOtherFunctions -->
        <test-method status="PASS" signature="tearDown(org.testng.ITestResult)[pri:0, instance:TestCases.IPhonePageTesting@589838eb]" name="tearDown" is-config="true" duration-ms="1" started-at="2018-02-03T10:19:11Z" finished-at="2018-02-03T10:19:11Z">
          <params>
            <param index="0">
              <value>
                <![CDATA[[TestResult name=someOtherFunctions status=SUCCESS method=IPhonePageTesting.someOtherFunctions()[pri:0, instance:TestCases.IPhonePageTesting@589838eb] output={null}]]]>
              </value>
            </param>
          </params>
          <reporter-output>
          </reporter-output>
        </test-method> <!-- tearDown -->
        <test-method status="PASS" signature="tearDown()[pri:0, instance:TestCases.IPhonePageTesting@589838eb]" name="tearDown" is-config="true" duration-ms="427" started-at="2018-02-03T10:19:11Z" finished-at="2018-02-03T10:19:11Z">
          <reporter-output>
          </reporter-output>
        </test-method> <!-- tearDown -->
      </class> <!-- TestCases.IPhonePageTesting -->
    </test> <!-- Default test -->
  </suite> <!-- Default suite -->
</testng-results>
