<?xml version="1.0" encoding="UTF-8"?>
<!-- Generated by org.testng.reporters.JUnitXMLReporter -->
<testsuite hostname="Zakaria-HP" ignored="0" name="paramWithEdgeBrowser" tests="2" failures="0" timestamp="16 Apr 2018 23:08:06 GMT" time="50.426" errors="0">
  <testcase name="actions" time="7.315" classname="TestCases.IPadPageTesting_ParemeterizingWithParameterAnnot"/>
  <testcase name="someOtherActions" time="41.476" classname="TestCases.IPadPageTesting_ParemeterizingWithParameterAnnot"/>
</testsuite> <!-- paramWithEdgeBrowser -->
