<?xml version="1.0" encoding="UTF-8"?>
<!-- Generated by org.testng.reporters.JUnitXMLReporter -->
<testsuite hostname="Zakaria-HP" ignored="0" name="paramWithChromeBrowser" tests="2" failures="0" timestamp="21 Sep 2017 21:27:25 GMT" time="75.05" errors="0">
  <testcase name="actions" time="20.481" classname="TestCases.IPadPageTesting_ParemeterizingWithParameterAnnot"/>
  <testcase name="someOtherActions" time="46.736" classname="TestCases.IPadPageTesting_ParemeterizingWithParameterAnnot"/>
</testsuite> <!-- paramWithChromeBrowser -->
