<?xml version="1.0" encoding="UTF-8"?>
<!-- Generated by org.testng.reporters.JUnitXMLReporter -->
<testsuite hostname="Zakaria-HP" ignored="0" name="paramWithChromeBrowser" tests="2" failures="0" timestamp="16 Apr 2018 23:07:15 GMT" time="61.264" errors="0">
  <testcase name="actions" time="12.533" classname="TestCases.IPadPageTesting_ParemeterizingWithParameterAnnot"/>
  <testcase name="someOtherActions" time="43.101" classname="TestCases.IPadPageTesting_ParemeterizingWithParameterAnnot"/>
</testsuite> <!-- paramWithChromeBrowser -->
