<?xml version="1.0" encoding="UTF-8"?>
<!-- Generated by org.testng.reporters.JUnitXMLReporter -->
<testsuite hostname="Zakaria-HP" ignored="0" name="paramWithEdgeBrowser" tests="2" failures="0" timestamp="21 Sep 2017 21:28:24 GMT" time="59.088" errors="0">
  <testcase name="actions" time="12.911" classname="TestCases.IPadPageTesting_ParemeterizingWithParameterAnnot"/>
  <testcase name="someOtherActions" time="42.254" classname="TestCases.IPadPageTesting_ParemeterizingWithParameterAnnot"/>
</testsuite> <!-- paramWithEdgeBrowser -->
